<?xml version="1.0" encoding="UTF-8"?>
<!-- Generated by org.testng.reporters.JUnitXMLReporter -->
<testsuite hostname="Govardhan-PC" name="Login" tests="4" failures="0" timestamp="7 Mar 2016 14:34:37 GMT" time="87.866" errors="0">
  <testcase name="login" time="40.439" classname="com.gktech.newcars.Login"/>
  <testcase name="login" time="0.0" classname="com.gktech.newcars.Login">
    <skipped/>
  </testcase> <!-- login -->
  <testcase name="login" time="47.359" classname="com.gktech.newcars.Login"/>
  <testcase name="login" time="0.0" classname="com.gktech.newcars.Login">
    <skipped/>
  </testcase> <!-- login -->
</testsuite> <!-- Login -->
