<?xml version="1.0" encoding="UTF-8"?>
<!-- Generated by org.testng.reporters.JUnitXMLReporter -->
<testsuite hostname="Govardhan-PC" name="Registration" tests="5" failures="0" timestamp="7 Mar 2016 14:35:57 GMT" time="80.871" errors="0">
  <testcase name="registration" time="38.473" classname="com.gktech.newcars.Registration"/>
  <testcase name="registration" time="42.339" classname="com.gktech.newcars.Registration"/>
  <testcase name="registration" time="0.001" classname="com.gktech.newcars.Registration">
    <skipped/>
  </testcase> <!-- registration -->
  <testcase name="registration" time="0.0" classname="com.gktech.newcars.Registration">
    <skipped/>
  </testcase> <!-- registration -->
  <testcase name="registration" time="0.0" classname="com.gktech.newcars.Registration">
    <skipped/>
  </testcase> <!-- registration -->
</testsuite> <!-- Registration -->
