<?xml version="1.0" encoding="UTF-8"?>
<!-- Generated by org.testng.reporters.JUnitXMLReporter -->
<testsuite hostname="Govardhan-PC" name="Default test" tests="5" failures="0" timestamp="13 Feb 2016 14:19:47 GMT" time="63.477" errors="0">
  <testcase name="registration" time="32.623" classname="com.gktech.newcars.Registration"/>
  <testcase name="registration" time="30.801" classname="com.gktech.newcars.Registration"/>
  <testcase name="registration" time="0.002" classname="com.gktech.newcars.Registration">
    <skipped/>
  </testcase> <!-- registration -->
  <testcase name="registration" time="0.001" classname="com.gktech.newcars.Registration">
    <skipped/>
  </testcase> <!-- registration -->
  <testcase name="registration" time="0.002" classname="com.gktech.newcars.Registration">
    <skipped/>
  </testcase> <!-- registration -->
</testsuite> <!-- Default test -->
