<?xml version="1.0" encoding="UTF-8"?>
<!-- Generated by org.testng.reporters.JUnitXMLReporter -->
<testsuite hostname="Govardhan-PC" name="SearchUsedCars" tests="4" failures="0" timestamp="13 Feb 2016 14:39:12 GMT" time="0.03" errors="0">
  <testcase name="SearchUsedCars" time="0.002" classname="com.gktech.usedcars.SearchUsedCars"/>
  <testcase name="SearchUsedCars" time="0.014" classname="com.gktech.usedcars.SearchUsedCars"/>
  <testcase name="SearchUsedCars" time="0.002" classname="com.gktech.usedcars.SearchUsedCars">
    <skipped/>
  </testcase> <!-- SearchUsedCars -->
  <testcase name="SearchUsedCars" time="0.001" classname="com.gktech.usedcars.SearchUsedCars">
    <skipped/>
  </testcase> <!-- SearchUsedCars -->
</testsuite> <!-- SearchUsedCars -->
