<?xml version="1.0" encoding="UTF-8"?>
<!-- Generated by org.testng.reporters.JUnitXMLReporter -->
<testsuite hostname="Govardhan-PC" name="UsedCarValuation" tests="1" failures="1" timestamp="13 Feb 2016 14:39:12 GMT" time="0.024" errors="0">
  <testcase name="@BeforeTest checkTestCaseSkip" time="0.0" classname="com.gktech.usedcars.UsedCarValuation">
    <skipped/>
  </testcase> <!-- @BeforeTest checkTestCaseSkip -->
  <testcase name="usedCarValuation" time="0.021" classname="com.gktech.usedcars.UsedCarValuation">
    <failure type="org.testng.TestNGException" message="
The data provider is trying to pass 5 parameters but the method com.gktech.usedcars.UsedCarValuation#usedCarValuation takes 2">
      <![CDATA[org.testng.TestNGException: 
The data provider is trying to pass 5 parameters but the method com.gktech.usedcars.UsedCarValuation#usedCarValuation takes 2
... Removed 19 stack frames]]>
    </failure>
  </testcase> <!-- usedCarValuation -->
</testsuite> <!-- UsedCarValuation -->
